18:58:24-> WindowID 8e0004b Key: (null)

18:58:25-> WindowID 8e0004b Key: a

18:58:25-> WindowID 8e0004b Key: s

18:58:25-> WindowID 8e0004b Key: d

18:58:25-> WindowID 8e0004b Key: q

18:58:25-> WindowID 8e0004b Key: w

18:58:25-> WindowID 8e0004b Key: e

18:58:25-> WindowID 8e0004b Key: a

18:58:26-> WindowID 8e0004b Key: s

18:58:26-> WindowID 8e0004b Key: (null)

18:58:26-> WindowID 8e0004b Key: (null)

18:58:28-> WindowID 8e0004b Key: (null)

18:58:28-> WindowID 8e0004b Key: (null)

18:58:29-> WindowID 8e0004b Key: m

18:58:29-> WindowID 8e0004b Key: a

18:58:30-> WindowID 8e0004b Key: r

18:58:30-> WindowID 8e0004b Key: c

18:58:30-> WindowID 8e0004b Key: e

18:58:30-> WindowID 8e0004b Key: l

18:58:30-> WindowID 8e0004b Key: o

18:58:31-> WindowID 8e0004b Key: (null)

18:58:32-> WindowID 8e0004b Key: (null)

18:58:32-> WindowID 8e0004b Key: s

19:10:32-> WindowID 8e0004b Key: (null)

19:10:32-> WindowID 8e0004b Key: a

19:10:32-> WindowID 8e0004b Key: s

19:10:33-> WindowID 8e0004b Key: d

19:10:34-> WindowID 8e0004b Key: (null)

19:10:38-> WindowID 8e0004b Key: (null)

19:10:38-> WindowID 8e0004b Key: (null)

19:10:39-> WindowID 8e0004b Key: (null)

19:10:39-> WindowID 8e0004b Key: (null)

19:10:40-> WindowID 8e0004b Key: (null)

19:10:40-> WindowID 8e0004b Key: (null)

19:10:41-> WindowID 8e0004b Key: (null)

19:10:54-> WindowID 8e0004b Key: (null)

19:10:55-> WindowID 8e0004b Key: (null)

19:10:55-> WindowID 8e0004b Key: (null)

19:10:55-> WindowID 8e0004b Key: (null)

19:10:55-> WindowID 8e0004b Key: (null)

19:10:56-> WindowID 8e0004b Key: (null)

19:10:56-> WindowID 8e0004b Key: (null)

19:10:57-> WindowID 8e0004b Key: (null)

19:10:58-> WindowID 8e0004b Key: (null)

19:10:58-> WindowID 8e0004b Key: (null)

19:10:58-> WindowID 8e0004b Key: (null)

19:10:59-> WindowID 8e0004b Key: (null)

19:10:59-> WindowID 8e0004b Key: (null)

19:10:59-> WindowID 8e0004b Key: (null)

19:10:59-> WindowID 8e0004b Key: (null)

19:11:00-> WindowID 8e0004b Key: (null)

19:11:22-> WindowID 8e0004b Key: R

19:11:23-> WindowID 8e0004b Key: W

19:11:23-> WindowID 8e0004b Key: (null)

19:11:24-> WindowID 8e0004b Key: p

19:11:24-> WindowID 8e0004b Key: r

19:11:24-> WindowID 8e0004b Key: i

19:11:24-> WindowID 8e0004b Key: n

19:11:24-> WindowID 8e0004b Key: t

19:11:24-> WindowID 8e0004b Key: f

19:11:24-> WindowID 8e0004b Key: (null)

19:11:24-> WindowID 8e0004b Key: 9

19:11:25-> WindowID 8e0004b Key: (null)

19:11:25-> WindowID 8e0004b Key: Q

19:11:25-> WindowID 8e0004b Key: space

19:11:26-> WindowID 8e0004b Key: i

19:11:27-> WindowID 8e0004b Key: (null)

19:11:27-> WindowID 8e0004b Key: k

19:11:27-> WindowID 8e0004b Key: e

19:11:27-> WindowID 8e0004b Key: y

19:11:27-> WindowID 8e0004b Key: (null)

19:11:27-> WindowID 8e0004b Key: c

19:11:27-> WindowID 8e0004b Key: o

19:11:27-> WindowID 8e0004b Key: d

19:11:28-> WindowID 8e0004b Key: e

19:11:28-> WindowID 8e0004b Key: (null)

19:11:28-> WindowID 8e0004b Key: q

19:11:39-> WindowID 8e05b85 Key: (null)

19:11:39-> WindowID 8e05b85 Key: s

19:11:40-> WindowID 8e05b85 Key: t

19:11:40-> WindowID 8e05b85 Key: o

19:11:40-> WindowID 8e05b85 Key: p

19:11:42-> WindowID 8e05b85 Key: (null)

19:11:42-> WindowID 8e05b85 Key: q

19:11:50-> WindowID 8e0004b Key: (null)

19:11:50-> WindowID 8e0004b Key: q

19:11:51-> WindowID 8e0004b Key: (null)

19:11:51-> WindowID 8e0004b Key: q

19:11:51-> WindowID 8e0004b Key: q

19:11:51-> WindowID 8e0004b Key: q

19:11:51-> WindowID 8e0004b Key: q

19:11:51-> WindowID 8e0004b Key: q

19:11:52-> WindowID 8e0004b Key: q

19:12:02-> WindowID 8e0004b Key: (null)

19:12:02-> WindowID 8e0004b Key: q

19:12:03-> WindowID 8e0004b Key: (null)

19:12:03-> WindowID 8e0004b Key: q

19:12:04-> WindowID 8e0004b Key: (null)

19:12:04-> WindowID 8e0004b Key: q

19:12:19-> WindowID 8e0004b Key: (null)

19:12:20-> WindowID 8e0004b Key: (null)

19:12:21-> WindowID 8e0004b Key: (null)

19:12:21-> WindowID 8e0004b Key: (null)

19:12:22-> WindowID 8e0004b Key: (null)

19:12:22-> WindowID 8e0004b Key: (null)

19:12:22-> WindowID 8e0004b Key: (null)

19:12:22-> WindowID 8e0004b Key: (null)

19:12:23-> WindowID 8e0004b Key: (null)

19:12:23-> WindowID 8e0004b Key: (null)

19:12:45-> WindowID 8e0004b Key: (null)

19:12:45-> WindowID 8e0004b Key: q

19:12:45-> WindowID 8e0004b Key: q

19:12:46-> WindowID 8e0004b Key: (null)

19:12:46-> WindowID 8e0004b Key: q

19:12:47-> WindowID 8e0004b Key: q

19:12:47-> WindowID 8e0004b Key: q

19:12:47-> WindowID 8e0004b Key: q

19:12:50-> WindowID 8e06098 Key: (null)

19:12:51-> WindowID 8e06098 Key: (null)

19:12:51-> WindowID 8e06098 Key: (null)

19:12:51-> WindowID 8e06098 Key: (null)

19:12:51-> WindowID 8e06098 Key: (null)

19:12:51-> WindowID 8e06098 Key: (null)

19:13:07-> WindowID 1 Key: (null)

19:13:34-> WindowID 8e0004b Key: (null)

19:13:34-> WindowID 8e0004b Key: q

19:13:34-> WindowID 8e0004b Key: (null)

19:13:35-> WindowID 8e0004b Key: (null)

19:13:35-> WindowID 8e0004b Key: q

19:13:35-> WindowID 8e0004b Key: (null)

19:13:35-> WindowID 8e0004b Key: q

19:13:36-> WindowID 8e0004b Key: (null)

19:13:36-> WindowID 8e0004b Key: q

19:13:37-> WindowID 8e0004b Key: (null)

19:13:37-> WindowID 8e0004b Key: q

19:13:38-> WindowID 8e0004b Key: (null)

19:13:38-> WindowID 8e0004b Key: q

19:13:38-> WindowID 8e0004b Key: (null)

19:13:38-> WindowID 8e0004b Key: q

19:13:39-> WindowID 8e0004b Key: (null)

19:13:39-> WindowID 8e0004b Key: q

19:13:40-> WindowID 8e0004b Key: (null)

19:13:40-> WindowID 8e0004b Key: q

19:14:08-> WindowID 8e0004b Key: (null)

19:14:09-> WindowID 8e0004b Key: (null)

19:14:09-> WindowID 8e0004b Key: (null)

19:14:09-> WindowID 8e0004b Key: (null)

19:14:09-> WindowID 8e0004b Key: (null)

19:14:11-> WindowID 8e0004b Key: (null)

19:14:11-> WindowID 8e0004b Key: q

19:14:18-> WindowID 8e06495 Key: d

19:14:18-> WindowID 8e06495 Key: e

19:14:19-> WindowID 8e06495 Key: b

19:14:19-> WindowID 8e06495 Key: u

19:14:19-> WindowID 8e06495 Key: g

19:14:31-> WindowID 8e06495 Key: (null)

19:14:31-> WindowID 8e06495 Key: q

19:14:33-> WindowID 8e0004b Key: (null)

19:14:34-> WindowID 8e0004b Key: q

19:14:34-> WindowID 8e0004b Key: (null)

19:14:34-> WindowID 8e0004b Key: q

19:14:35-> WindowID 8e0004b Key: (null)

19:15:30-> WindowID 8e0004b Key: (null)

19:15:31-> WindowID 8e0004b Key: (null)

19:15:32-> WindowID 8e0004b Key: (null)

19:15:32-> WindowID 8e0004b Key: (null)

19:15:32-> WindowID 8e0004b Key: (null)

19:16:24-> WindowID 8e0004b Key: (null)

19:16:24-> WindowID 8e0004b Key: a

19:16:24-> WindowID 8e0004b Key: s

19:16:24-> WindowID 8e0004b Key: d

19:16:24-> WindowID 8e0004b Key: a

19:16:24-> WindowID 8e0004b Key: s

19:17:36-> WindowID 8e0004b Key: (null)

19:17:36-> WindowID 8e0004b Key: a

19:17:36-> WindowID 8e0004b Key: s

19:17:37-> WindowID 8e0004b Key: d

19:17:37-> WindowID 8e0004b Key: a

19:17:37-> WindowID 8e0004b Key: (null)

19:17:38-> WindowID 8e0004b Key: a

19:17:38-> WindowID 8e0004b Key: a

19:17:38-> WindowID 8e0004b Key: a

19:17:38-> WindowID 8e0004b Key: a

19:17:39-> WindowID 8e0004b Key: (null)

19:18:05-> WindowID 8e0004b Key: (null)

19:18:06-> WindowID 8e0004b Key: a

19:18:06-> WindowID 8e0004b Key: s

19:18:06-> WindowID 8e0004b Key: d

19:18:06-> WindowID 8e0004b Key: q

19:18:06-> WindowID 8e0004b Key: (null)

19:18:09-> WindowID 8e0004b Key: (null)

19:18:29-> WindowID 8e0004b Key: (null)

19:18:29-> WindowID 8e0004b Key: a

19:18:29-> WindowID 8e0004b Key: s

19:18:29-> WindowID 8e0004b Key: d

19:18:29-> WindowID 8e0004b Key: q

19:18:30-> WindowID 8e0004b Key: w

19:18:30-> WindowID 8e0004b Key: e

19:18:30-> WindowID 8e0004b Key: (null)

19:18:31-> WindowID 8e0004b Key: a

19:18:31-> WindowID 8e0004b Key: a

19:18:31-> WindowID 8e0004b Key: s

19:18:31-> WindowID 8e0004b Key: d

19:18:31-> WindowID 8e0004b Key: q

19:18:32-> WindowID 8e0004b Key: a

19:18:32-> WindowID 8e0004b Key: s

19:18:32-> WindowID 8e0004b Key: d

19:18:32-> WindowID 8e0004b Key: (null)

19:19:46-> WindowID 8e0004b Key: (null)

19:19:47-> WindowID 8e0004b Key: (null)

19:19:47-> WindowID 8e0004b Key: a

19:19:48-> WindowID 8e0004b Key: s

19:19:48-> WindowID 8e0004b Key: d

19:19:48-> WindowID 8e0004b Key: q

19:19:48-> WindowID 8e0004b Key: w

19:19:48-> WindowID 8e0004b Key: e

19:19:48-> WindowID 8e0004b Key: (null)

19:19:56-> WindowID 8e0004b Key: (null)

19:19:57-> WindowID 8e0004b Key: a

19:19:57-> WindowID 8e0004b Key: s

19:19:57-> WindowID 8e0004b Key: d

19:19:57-> WindowID 8e0004b Key: (null)

19:19:58-> WindowID 8e0004b Key: a

19:19:58-> WindowID 8e0004b Key: s

19:19:58-> WindowID 8e0004b Key: d

19:19:58-> WindowID 8e0004b Key: q

19:19:58-> WindowID 8e0004b Key: w

19:19:58-> WindowID 8e0004b Key: e

19:19:59-> WindowID 8e0004b Key: (null)

19:20:27-> WindowID 8e0004b Key: (null)

19:20:28-> WindowID 8e0004b Key: (null)

19:20:29-> WindowID 8e0004b Key: a

19:20:30-> WindowID 8e0004b Key: (null)

19:21:44-> WindowID 8e0004b Key: (null)

19:21:44-> WindowID 8e0004b Key: a

19:21:44-> WindowID 8e0004b Key: (null)

19:21:45-> WindowID 8e0004b Key: a

19:21:46-> WindowID 8e0004b Key: s

19:21:46-> WindowID 8e0004b Key: d

19:21:46-> WindowID 8e0004b Key: (null)

19:22:02-> WindowID 8e0004b Key: (null)

19:22:02-> WindowID 8e0004b Key: a

19:22:02-> WindowID 8e0004b Key: s

19:22:02-> WindowID 8e0004b Key: d

19:22:20-> WindowID 8e0004b Key: (null)

19:22:21-> WindowID 8e0004b Key: a

19:22:21-> WindowID 8e0004b Key: s

19:22:21-> WindowID 8e0004b Key: d

19:22:21-> WindowID 8e0004b Key: q

19:22:21-> WindowID 8e0004b Key: w

19:22:21-> WindowID 8e0004b Key: e

19:23:09-> WindowID 8e0004b Key: (null)

19:23:09-> WindowID 8e0004b Key: a

19:23:09-> WindowID 8e0004b Key: (null)

19:23:50-> WindowID 8e0004b Key: (null)

19:23:50-> WindowID 8e0004b Key: a

19:23:50-> WindowID 8e0004b Key: (null)

19:24:02-> WindowID 8e0004b Key: (null)

19:34:39-> WindowID 8e0004b Key: (null)

19:34:40-> WindowID 8e0004b Key: (null)

19:34:40-> WindowID 8e0004b Key: (null)

19:34:40-> WindowID 8e0004b Key: (null)

19:34:40-> WindowID 8e0004b Key: d

19:34:40-> WindowID 8e0004b Key: o

19:34:40-> WindowID 8e0004b Key: t

19:34:40-> WindowID 8e0004b Key: a

19:34:41-> WindowID 8e0004b Key: (null)

19:35:04-> WindowID 960012f Key: (null)

19:35:04-> WindowID 960012f Key: (null)

19:35:04-> WindowID 8e0004b Key: (null)

19:35:04-> WindowID 8e0004b Key: (null)

19:35:08-> WindowID 960012f Key: (null)

19:35:10-> WindowID 960012f Key: (null)

19:35:10-> WindowID 960012f Key: (null)

19:35:10-> WindowID 960012f Key: (null)

19:35:10-> WindowID 960012f Key: (null)

19:35:12-> WindowID 8e0004b Key: (null)

19:35:12-> WindowID 8e0004b Key: (null)

19:35:13-> WindowID 8e0004b Key: (null)

19:35:13-> WindowID 960012f Key: (null)

19:35:13-> WindowID 960012f Key: (null)

19:35:14-> WindowID 960012f Key: (null)

19:35:14-> WindowID 960012f Key: (null)

19:35:14-> WindowID 960012f Key: (null)

19:35:14-> WindowID 960012f Key: (null)

19:35:16-> WindowID 8e0004b Key: (null)

19:35:16-> WindowID 8e0004b Key: (null)

19:35:17-> WindowID 960012f Key: (null)

19:35:17-> WindowID 960012f Key: (null)

19:35:17-> WindowID 960012f Key: (null)

19:35:17-> WindowID 960012f Key: (null)

19:35:17-> WindowID 960012f Key: (null)

19:35:18-> WindowID 960012f Key: (null)

19:35:18-> WindowID 960012f Key: (null)

19:35:18-> WindowID 960012f Key: (null)

19:35:18-> WindowID 960012f Key: (null)

19:35:18-> WindowID 960012f Key: (null)

19:36:07-> WindowID 8e0004b Key: (null)

19:36:07-> WindowID 8e0004b Key: (null)

19:36:08-> WindowID 960012f Key: (null)

19:36:08-> WindowID 960012f Key: (null)

19:36:09-> WindowID 8e0004b Key: (null)

19:36:09-> WindowID 8e0004b Key: (null)

19:36:10-> WindowID 960012f Key: (null)

19:36:14-> WindowID 960012f Key: (null)

19:36:14-> WindowID 960012f Key: (null)

19:36:52-> WindowID 960012f Key: (null)

19:36:54-> WindowID 960012f Key: (null)

19:36:54-> WindowID 960012f Key: (null)

19:36:57-> WindowID 8e0004b Key: (null)

19:36:57-> WindowID 8e0004b Key: (null)

19:36:58-> WindowID 960012f Key: (null)

19:36:58-> WindowID 960012f Key: (null)

19:36:59-> WindowID 8e0004b Key: (null)

19:36:59-> WindowID 8e0004b Key: (null)

19:36:59-> WindowID 8e0004b Key: (null)

19:37:04-> WindowID 960012f Key: (null)

19:37:04-> WindowID 960012f Key: (null)

19:37:12-> WindowID 8e0004b Key: (null)

19:37:12-> WindowID 8e0004b Key: (null)

19:37:14-> WindowID 960012f Key: (null)

19:37:14-> WindowID 960012f Key: (null)

19:37:16-> WindowID 8e0004b Key: (null)

19:37:16-> WindowID 8e0004b Key: (null)

19:37:19-> WindowID 960012f Key: (null)

19:37:19-> WindowID 960012f Key: (null)

19:37:38-> WindowID 8e0004b Key: (null)

19:37:38-> WindowID 8e0004b Key: (null)

19:37:40-> WindowID 960012f Key: (null)

19:37:54-> WindowID 960012f Key: (null)

19:37:54-> WindowID 960012f Key: (null)

